2019-03-20 09:22:25.365  INFO 43816 --- [restartedMain] com.swmu.bszn.BsznGlApplication         : Starting BsznGlApplication on DESKTOP-M22PJTC with PID 43816 (D:\work\venv-szf\bszn-gl\target\classes started by Xiaoi in D:\work\venv-szf\bszn-gl)
2019-03-20 09:22:25.418  INFO 43816 --- [restartedMain] com.swmu.bszn.BsznGlApplication         : No active profile set, falling back to default profiles: default
2019-03-20 09:22:25.546  INFO 43816 --- [restartedMain] .e.DevToolsPropertyDefaultsPostProcessor : Devtools property defaults active! Set 'spring.devtools.add-properties' to 'false' to disable
2019-03-20 09:22:25.546  INFO 43816 --- [restartedMain] .e.DevToolsPropertyDefaultsPostProcessor : For additional web related logging consider setting the 'logging.level.web' property to 'DEBUG'
2019-03-20 09:22:28.281  INFO 43816 --- [restartedMain] .s.d.r.c.RepositoryConfigurationDelegate : Multiple Spring Data modules found, entering strict repository configuration mode!
2019-03-20 09:22:28.285  INFO 43816 --- [restartedMain] .s.d.r.c.RepositoryConfigurationDelegate : Bootstrapping Spring Data repositories in DEFAULT mode.
2019-03-20 09:22:28.439  INFO 43816 --- [restartedMain] .RepositoryConfigurationExtensionSupport : Spring Data JPA - Could not safely identify store assignment for repository candidate interface com.swmu.bszn.neo4j.dao.AreaRelationDao.
2019-03-20 09:22:28.444  INFO 43816 --- [restartedMain] .RepositoryConfigurationExtensionSupport : Spring Data JPA - Could not safely identify store assignment for repository candidate interface com.swmu.bszn.neo4j.dao.IntentionDao.
2019-03-20 09:22:28.447  INFO 43816 --- [restartedMain] .RepositoryConfigurationExtensionSupport : Spring Data JPA - Could not safely identify store assignment for repository candidate interface com.swmu.bszn.neo4j.dao.IntentionRelationSynDao.
2019-03-20 09:22:28.453  INFO 43816 --- [restartedMain] .RepositoryConfigurationExtensionSupport : Spring Data JPA - Could not safely identify store assignment for repository candidate interface com.swmu.bszn.neo4j.dao.IntentionSynDao.
2019-03-20 09:22:28.456  INFO 43816 --- [restartedMain] .RepositoryConfigurationExtensionSupport : Spring Data JPA - Could not safely identify store assignment for repository candidate interface com.swmu.bszn.neo4j.dao.ItemDao.
2019-03-20 09:22:28.459  INFO 43816 --- [restartedMain] .RepositoryConfigurationExtensionSupport : Spring Data JPA - Could not safely identify store assignment for repository candidate interface com.swmu.bszn.neo4j.dao.ItemRelationKeyWordDao.
2019-03-20 09:22:28.463  INFO 43816 --- [restartedMain] .RepositoryConfigurationExtensionSupport : Spring Data JPA - Could not safely identify store assignment for repository candidate interface com.swmu.bszn.neo4j.dao.KeyWordDao.
2019-03-20 09:22:28.466  INFO 43816 --- [restartedMain] .RepositoryConfigurationExtensionSupport : Spring Data JPA - Could not safely identify store assignment for repository candidate interface com.swmu.bszn.neo4j.dao.KeywordRelationSynDao.
2019-03-20 09:22:28.469  INFO 43816 --- [restartedMain] .RepositoryConfigurationExtensionSupport : Spring Data JPA - Could not safely identify store assignment for repository candidate interface com.swmu.bszn.neo4j.dao.KeywordSynDao.
2019-03-20 09:22:28.472  INFO 43816 --- [restartedMain] .RepositoryConfigurationExtensionSupport : Spring Data JPA - Could not safely identify store assignment for repository candidate interface com.swmu.bszn.neo4j.dao.Neo4jAreaDao.
2019-03-20 09:22:28.476  INFO 43816 --- [restartedMain] .RepositoryConfigurationExtensionSupport : Spring Data JPA - Could not safely identify store assignment for repository candidate interface com.swmu.bszn.neo4j.dao.ThingsDao.
2019-03-20 09:22:28.480  INFO 43816 --- [restartedMain] .RepositoryConfigurationExtensionSupport : Spring Data JPA - Could not safely identify store assignment for repository candidate interface com.swmu.bszn.neo4j.dao.ThingsRelationAreaDao.
2019-03-20 09:22:28.483  INFO 43816 --- [restartedMain] .RepositoryConfigurationExtensionSupport : Spring Data JPA - Could not safely identify store assignment for repository candidate interface com.swmu.bszn.neo4j.dao.ThingsRelationIntentionDao.
2019-03-20 09:22:28.488  INFO 43816 --- [restartedMain] .RepositoryConfigurationExtensionSupport : Spring Data JPA - Could not safely identify store assignment for repository candidate interface com.swmu.bszn.neo4j.dao.ThingsRelationItemDao.
2019-03-20 09:22:28.558  INFO 43816 --- [restartedMain] .s.d.r.c.RepositoryConfigurationDelegate : Finished Spring Data repository scanning in 256ms. Found 5 repository interfaces.
2019-03-20 09:22:28.595  INFO 43816 --- [restartedMain] .s.d.r.c.RepositoryConfigurationDelegate : Multiple Spring Data modules found, entering strict repository configuration mode!
2019-03-20 09:22:28.596  INFO 43816 --- [restartedMain] .s.d.r.c.RepositoryConfigurationDelegate : Bootstrapping Spring Data repositories in DEFAULT mode.
2019-03-20 09:22:28.621  INFO 43816 --- [restartedMain] .RepositoryConfigurationExtensionSupport : Spring Data Neo4j - Could not safely identify store assignment for repository candidate interface com.swmu.bszn.guide.dao.AreaDao.
2019-03-20 09:22:28.622  INFO 43816 --- [restartedMain] .RepositoryConfigurationExtensionSupport : Spring Data Neo4j - Could not safely identify store assignment for repository candidate interface com.swmu.bszn.guide.dao.GuideDao.
2019-03-20 09:22:28.622  INFO 43816 --- [restartedMain] .RepositoryConfigurationExtensionSupport : Spring Data Neo4j - Could not safely identify store assignment for repository candidate interface com.swmu.bszn.guide.dao.GuideThingsDao.
2019-03-20 09:22:28.622  INFO 43816 --- [restartedMain] .RepositoryConfigurationExtensionSupport : Spring Data Neo4j - Could not safely identify store assignment for repository candidate interface com.swmu.bszn.guide.dao.LocalIntentionDao.
2019-03-20 09:22:28.623  INFO 43816 --- [restartedMain] .RepositoryConfigurationExtensionSupport : Spring Data Neo4j - Could not safely identify store assignment for repository candidate interface com.swmu.bszn.guide.dao.LocalKeywordDao.
2019-03-20 09:22:28.668  INFO 43816 --- [restartedMain] .s.d.r.c.RepositoryConfigurationDelegate : Finished Spring Data repository scanning in 66ms. Found 14 repository interfaces.
2019-03-20 09:22:29.425  INFO 43816 --- [restartedMain] trationDelegate$BeanPostProcessorChecker : Bean 'org.springframework.transaction.annotation.ProxyTransactionManagementConfiguration' of type [org.springframework.transaction.annotation.ProxyTransactionManagementConfiguration$$EnhancerBySpringCGLIB$$e52e0845] is not eligible for getting processed by all BeanPostProcessors (for example: not eligible for auto-proxying)
2019-03-20 09:22:31.420  INFO 43816 --- [restartedMain] o.s.b.w.embedded.tomcat.TomcatWebServer  : Tomcat initialized with port(s): 8088 (http)
2019-03-20 09:22:31.475  INFO 43816 --- [restartedMain] o.apache.catalina.core.StandardService   : Starting service [Tomcat]
2019-03-20 09:22:31.477  INFO 43816 --- [restartedMain] org.apache.catalina.core.StandardEngine  : Starting Servlet engine: [Apache Tomcat/9.0.16]
2019-03-20 09:22:31.497  INFO 43816 --- [restartedMain] o.a.catalina.core.AprLifecycleListener   : The APR based Apache Tomcat Native library which allows optimal performance in production environments was not found on the java.library.path: [D:\enviroment\jdk1.8\jdk1.8.0_181\bin;C:\Windows\Sun\Java\bin;C:\Windows\system32;C:\Windows;C:\Program Files (x86)\Common Files\Oracle\Java\javapath;C:\Windows\system32;C:\Windows;C:\Windows\System32\Wbem;C:\Windows\System32\WindowsPowerShell\v1.0\;C:\Windows\System32\OpenSSH\;C:\Program Files (x86)\ATI Technologies\ATI.ACE\Core-Static;D:\enviroment\jdk1.8\jdk1.8.0_181\bin;D:\enviroment\jdk1.8\jdk1.8.0_181\jre\bin;D:\enviroment\maven\apache-maven-3.5.4\bin;D:\enviroment\Git\cmd;D:\App\mysql-5.6.41-winx64\bin;D:\App\nodejs\;D:\App\TortoiseSVN\bin;C:\Users\Xiaoi\AppData\Local\Microsoft\WindowsApps;C:\Users\Xiaoi\AppData\Roaming\npm;C:\ProgramData\Xiaoi\atom\bin;.]
2019-03-20 09:22:31.742  INFO 43816 --- [restartedMain] o.a.c.c.C.[Tomcat].[localhost].[/]       : Initializing Spring embedded WebApplicationContext
2019-03-20 09:22:31.743  INFO 43816 --- [restartedMain] o.s.web.context.ContextLoader            : Root WebApplicationContext: initialization completed in 6196 ms
2019-03-20 09:22:32.466  INFO 43816 --- [restartedMain] com.alibaba.druid.pool.DruidDataSource   : {dataSource-1} inited
2019-03-20 09:22:53.662 ERROR 43816 --- [Druid-ConnectionPool-Create-972430105] com.alibaba.druid.pool.DruidDataSource   : create connection SQLException, url: jdbc:mysql://172.16.205.69:3306/bazn_db?characterEncoding=UTF-8, errorCode 0, state 08S01

com.mysql.cj.jdbc.exceptions.CommunicationsException: Communications link failure

The last packet sent successfully to the server was 0 milliseconds ago. The driver has not received any packets from the server.
	at com.mysql.cj.jdbc.exceptions.SQLError.createCommunicationsException(SQLError.java:174) ~[mysql-connector-java-8.0.15.jar:8.0.15]
	at com.mysql.cj.jdbc.exceptions.SQLExceptionsMapping.translateException(SQLExceptionsMapping.java:64) ~[mysql-connector-java-8.0.15.jar:8.0.15]
	at com.mysql.cj.jdbc.ConnectionImpl.createNewIO(ConnectionImpl.java:835) ~[mysql-connector-java-8.0.15.jar:8.0.15]
	at com.mysql.cj.jdbc.ConnectionImpl.<init>(ConnectionImpl.java:455) ~[mysql-connector-java-8.0.15.jar:8.0.15]
	at com.mysql.cj.jdbc.ConnectionImpl.getInstance(ConnectionImpl.java:240) ~[mysql-connector-java-8.0.15.jar:8.0.15]
	at com.mysql.cj.jdbc.NonRegisteringDriver.connect(NonRegisteringDriver.java:199) ~[mysql-connector-java-8.0.15.jar:8.0.15]
	at com.alibaba.druid.pool.DruidAbstractDataSource.createPhysicalConnection(DruidAbstractDataSource.java:1513) ~[druid-1.1.8.jar:1.1.8]
	at com.alibaba.druid.pool.DruidAbstractDataSource.createPhysicalConnection(DruidAbstractDataSource.java:1578) ~[druid-1.1.8.jar:1.1.8]
	at com.alibaba.druid.pool.DruidDataSource$CreateConnectionThread.run(DruidDataSource.java:2451) ~[druid-1.1.8.jar:1.1.8]
Caused by: com.mysql.cj.exceptions.CJCommunicationsException: Communications link failure

The last packet sent successfully to the server was 0 milliseconds ago. The driver has not received any packets from the server.
	at sun.reflect.NativeConstructorAccessorImpl.newInstance0(Native Method) ~[na:1.8.0_181]
	at sun.reflect.NativeConstructorAccessorImpl.newInstance(NativeConstructorAccessorImpl.java:62) ~[na:1.8.0_181]
	at sun.reflect.DelegatingConstructorAccessorImpl.newInstance(DelegatingConstructorAccessorImpl.java:45) ~[na:1.8.0_181]
	at java.lang.reflect.Constructor.newInstance(Constructor.java:423) ~[na:1.8.0_181]
	at com.mysql.cj.exceptions.ExceptionFactory.createException(ExceptionFactory.java:61) ~[mysql-connector-java-8.0.15.jar:8.0.15]
	at com.mysql.cj.exceptions.ExceptionFactory.createException(ExceptionFactory.java:105) ~[mysql-connector-java-8.0.15.jar:8.0.15]
	at com.mysql.cj.exceptions.ExceptionFactory.createException(ExceptionFactory.java:151) ~[mysql-connector-java-8.0.15.jar:8.0.15]
	at com.mysql.cj.exceptions.ExceptionFactory.createCommunicationsException(ExceptionFactory.java:167) ~[mysql-connector-java-8.0.15.jar:8.0.15]
	at com.mysql.cj.protocol.a.NativeSocketConnection.connect(NativeSocketConnection.java:91) ~[mysql-connector-java-8.0.15.jar:8.0.15]
	at com.mysql.cj.NativeSession.connect(NativeSession.java:152) ~[mysql-connector-java-8.0.15.jar:8.0.15]
	at com.mysql.cj.jdbc.ConnectionImpl.connectOneTryOnly(ConnectionImpl.java:955) ~[mysql-connector-java-8.0.15.jar:8.0.15]
	at com.mysql.cj.jdbc.ConnectionImpl.createNewIO(ConnectionImpl.java:825) ~[mysql-connector-java-8.0.15.jar:8.0.15]
	... 6 common frames omitted
Caused by: java.net.ConnectException: Connection timed out: connect
	at java.net.DualStackPlainSocketImpl.connect0(Native Method) ~[na:1.8.0_181]
	at java.net.DualStackPlainSocketImpl.socketConnect(DualStackPlainSocketImpl.java:79) ~[na:1.8.0_181]
	at java.net.AbstractPlainSocketImpl.doConnect(AbstractPlainSocketImpl.java:350) ~[na:1.8.0_181]
	at java.net.AbstractPlainSocketImpl.connectToAddress(AbstractPlainSocketImpl.java:206) ~[na:1.8.0_181]
	at java.net.AbstractPlainSocketImpl.connect(AbstractPlainSocketImpl.java:188) ~[na:1.8.0_181]
	at java.net.PlainSocketImpl.connect(PlainSocketImpl.java:172) ~[na:1.8.0_181]
	at java.net.SocksSocketImpl.connect(SocksSocketImpl.java:392) ~[na:1.8.0_181]
	at java.net.Socket.connect(Socket.java:589) ~[na:1.8.0_181]
	at com.mysql.cj.protocol.StandardSocketFactory.connect(StandardSocketFactory.java:155) ~[mysql-connector-java-8.0.15.jar:8.0.15]
	at com.mysql.cj.protocol.a.NativeSocketConnection.connect(NativeSocketConnection.java:65) ~[mysql-connector-java-8.0.15.jar:8.0.15]
	... 9 common frames omitted

2019-03-20 09:23:14.680 ERROR 43816 --- [Druid-ConnectionPool-Create-972430105] com.alibaba.druid.pool.DruidDataSource   : create connection SQLException, url: jdbc:mysql://172.16.205.69:3306/bazn_db?characterEncoding=UTF-8, errorCode 0, state 08S01

com.mysql.cj.jdbc.exceptions.CommunicationsException: Communications link failure

The last packet sent successfully to the server was 0 milliseconds ago. The driver has not received any packets from the server.
	at com.mysql.cj.jdbc.exceptions.SQLError.createCommunicationsException(SQLError.java:174) ~[mysql-connector-java-8.0.15.jar:8.0.15]
	at com.mysql.cj.jdbc.exceptions.SQLExceptionsMapping.translateException(SQLExceptionsMapping.java:64) ~[mysql-connector-java-8.0.15.jar:8.0.15]
	at com.mysql.cj.jdbc.ConnectionImpl.createNewIO(ConnectionImpl.java:835) ~[mysql-connector-java-8.0.15.jar:8.0.15]
	at com.mysql.cj.jdbc.ConnectionImpl.<init>(ConnectionImpl.java:455) ~[mysql-connector-java-8.0.15.jar:8.0.15]
	at com.mysql.cj.jdbc.ConnectionImpl.getInstance(ConnectionImpl.java:240) ~[mysql-connector-java-8.0.15.jar:8.0.15]
	at com.mysql.cj.jdbc.NonRegisteringDriver.connect(NonRegisteringDriver.java:199) ~[mysql-connector-java-8.0.15.jar:8.0.15]
	at com.alibaba.druid.pool.DruidAbstractDataSource.createPhysicalConnection(DruidAbstractDataSource.java:1513) ~[druid-1.1.8.jar:1.1.8]
	at com.alibaba.druid.pool.DruidAbstractDataSource.createPhysicalConnection(DruidAbstractDataSource.java:1578) ~[druid-1.1.8.jar:1.1.8]
	at com.alibaba.druid.pool.DruidDataSource$CreateConnectionThread.run(DruidDataSource.java:2451) ~[druid-1.1.8.jar:1.1.8]
Caused by: com.mysql.cj.exceptions.CJCommunicationsException: Communications link failure

The last packet sent successfully to the server was 0 milliseconds ago. The driver has not received any packets from the server.
	at sun.reflect.NativeConstructorAccessorImpl.newInstance0(Native Method) ~[na:1.8.0_181]
	at sun.reflect.NativeConstructorAccessorImpl.newInstance(NativeConstructorAccessorImpl.java:62) ~[na:1.8.0_181]
	at sun.reflect.DelegatingConstructorAccessorImpl.newInstance(DelegatingConstructorAccessorImpl.java:45) ~[na:1.8.0_181]
	at java.lang.reflect.Constructor.newInstance(Constructor.java:423) ~[na:1.8.0_181]
	at com.mysql.cj.exceptions.ExceptionFactory.createException(ExceptionFactory.java:61) ~[mysql-connector-java-8.0.15.jar:8.0.15]
	at com.mysql.cj.exceptions.ExceptionFactory.createException(ExceptionFactory.java:105) ~[mysql-connector-java-8.0.15.jar:8.0.15]
	at com.mysql.cj.exceptions.ExceptionFactory.createException(ExceptionFactory.java:151) ~[mysql-connector-java-8.0.15.jar:8.0.15]
	at com.mysql.cj.exceptions.ExceptionFactory.createCommunicationsException(ExceptionFactory.java:167) ~[mysql-connector-java-8.0.15.jar:8.0.15]
	at com.mysql.cj.protocol.a.NativeSocketConnection.connect(NativeSocketConnection.java:91) ~[mysql-connector-java-8.0.15.jar:8.0.15]
	at com.mysql.cj.NativeSession.connect(NativeSession.java:152) ~[mysql-connector-java-8.0.15.jar:8.0.15]
	at com.mysql.cj.jdbc.ConnectionImpl.connectOneTryOnly(ConnectionImpl.java:955) ~[mysql-connector-java-8.0.15.jar:8.0.15]
	at com.mysql.cj.jdbc.ConnectionImpl.createNewIO(ConnectionImpl.java:825) ~[mysql-connector-java-8.0.15.jar:8.0.15]
	... 6 common frames omitted
Caused by: java.net.ConnectException: Connection timed out: connect
	at java.net.DualStackPlainSocketImpl.connect0(Native Method) ~[na:1.8.0_181]
	at java.net.DualStackPlainSocketImpl.socketConnect(DualStackPlainSocketImpl.java:79) ~[na:1.8.0_181]
	at java.net.AbstractPlainSocketImpl.doConnect(AbstractPlainSocketImpl.java:350) ~[na:1.8.0_181]
	at java.net.AbstractPlainSocketImpl.connectToAddress(AbstractPlainSocketImpl.java:206) ~[na:1.8.0_181]
	at java.net.AbstractPlainSocketImpl.connect(AbstractPlainSocketImpl.java:188) ~[na:1.8.0_181]
	at java.net.PlainSocketImpl.connect(PlainSocketImpl.java:172) ~[na:1.8.0_181]
	at java.net.SocksSocketImpl.connect(SocksSocketImpl.java:392) ~[na:1.8.0_181]
	at java.net.Socket.connect(Socket.java:589) ~[na:1.8.0_181]
	at com.mysql.cj.protocol.StandardSocketFactory.connect(StandardSocketFactory.java:155) ~[mysql-connector-java-8.0.15.jar:8.0.15]
	at com.mysql.cj.protocol.a.NativeSocketConnection.connect(NativeSocketConnection.java:65) ~[mysql-connector-java-8.0.15.jar:8.0.15]
	... 9 common frames omitted

2019-03-20 09:23:22.156  INFO 21832 --- [restartedMain] com.swmu.bszn.BsznGlApplication         : Starting BsznGlApplication on DESKTOP-M22PJTC with PID 21832 (D:\work\venv-szf\bszn-gl\target\classes started by Xiaoi in D:\work\venv-szf\bszn-gl)
2019-03-20 09:23:22.161  INFO 21832 --- [restartedMain] com.swmu.bszn.BsznGlApplication         : No active profile set, falling back to default profiles: default
2019-03-20 09:23:22.272  INFO 21832 --- [restartedMain] .e.DevToolsPropertyDefaultsPostProcessor : Devtools property defaults active! Set 'spring.devtools.add-properties' to 'false' to disable
2019-03-20 09:23:22.272  INFO 21832 --- [restartedMain] .e.DevToolsPropertyDefaultsPostProcessor : For additional web related logging consider setting the 'logging.level.web' property to 'DEBUG'
2019-03-20 09:23:24.367  INFO 21832 --- [restartedMain] .s.d.r.c.RepositoryConfigurationDelegate : Multiple Spring Data modules found, entering strict repository configuration mode!
2019-03-20 09:23:24.371  INFO 21832 --- [restartedMain] .s.d.r.c.RepositoryConfigurationDelegate : Bootstrapping Spring Data repositories in DEFAULT mode.
2019-03-20 09:23:24.584  INFO 21832 --- [restartedMain] .RepositoryConfigurationExtensionSupport : Spring Data JPA - Could not safely identify store assignment for repository candidate interface com.swmu.bszn.neo4j.dao.AreaRelationDao.
2019-03-20 09:23:24.594  INFO 21832 --- [restartedMain] .RepositoryConfigurationExtensionSupport : Spring Data JPA - Could not safely identify store assignment for repository candidate interface com.swmu.bszn.neo4j.dao.IntentionDao.
2019-03-20 09:23:24.610  INFO 21832 --- [restartedMain] .RepositoryConfigurationExtensionSupport : Spring Data JPA - Could not safely identify store assignment for repository candidate interface com.swmu.bszn.neo4j.dao.IntentionRelationSynDao.
2019-03-20 09:23:24.616  INFO 21832 --- [restartedMain] .RepositoryConfigurationExtensionSupport : Spring Data JPA - Could not safely identify store assignment for repository candidate interface com.swmu.bszn.neo4j.dao.IntentionSynDao.
2019-03-20 09:23:24.623  INFO 21832 --- [restartedMain] .RepositoryConfigurationExtensionSupport : Spring Data JPA - Could not safely identify store assignment for repository candidate interface com.swmu.bszn.neo4j.dao.ItemDao.
2019-03-20 09:23:24.629  INFO 21832 --- [restartedMain] .RepositoryConfigurationExtensionSupport : Spring Data JPA - Could not safely identify store assignment for repository candidate interface com.swmu.bszn.neo4j.dao.ItemRelationKeyWordDao.
2019-03-20 09:23:24.642  INFO 21832 --- [restartedMain] .RepositoryConfigurationExtensionSupport : Spring Data JPA - Could not safely identify store assignment for repository candidate interface com.swmu.bszn.neo4j.dao.KeyWordDao.
2019-03-20 09:23:24.647  INFO 21832 --- [restartedMain] .RepositoryConfigurationExtensionSupport : Spring Data JPA - Could not safely identify store assignment for repository candidate interface com.swmu.bszn.neo4j.dao.KeywordRelationSynDao.
2019-03-20 09:23:24.653  INFO 21832 --- [restartedMain] .RepositoryConfigurationExtensionSupport : Spring Data JPA - Could not safely identify store assignment for repository candidate interface com.swmu.bszn.neo4j.dao.KeywordSynDao.
2019-03-20 09:23:24.659  INFO 21832 --- [restartedMain] .RepositoryConfigurationExtensionSupport : Spring Data JPA - Could not safely identify store assignment for repository candidate interface com.swmu.bszn.neo4j.dao.Neo4jAreaDao.
2019-03-20 09:23:24.686  INFO 21832 --- [restartedMain] .RepositoryConfigurationExtensionSupport : Spring Data JPA - Could not safely identify store assignment for repository candidate interface com.swmu.bszn.neo4j.dao.ThingsDao.
2019-03-20 09:23:24.691  INFO 21832 --- [restartedMain] .RepositoryConfigurationExtensionSupport : Spring Data JPA - Could not safely identify store assignment for repository candidate interface com.swmu.bszn.neo4j.dao.ThingsRelationAreaDao.
2019-03-20 09:23:24.695  INFO 21832 --- [restartedMain] .RepositoryConfigurationExtensionSupport : Spring Data JPA - Could not safely identify store assignment for repository candidate interface com.swmu.bszn.neo4j.dao.ThingsRelationIntentionDao.
2019-03-20 09:23:24.703  INFO 21832 --- [restartedMain] .RepositoryConfigurationExtensionSupport : Spring Data JPA - Could not safely identify store assignment for repository candidate interface com.swmu.bszn.neo4j.dao.ThingsRelationItemDao.
2019-03-20 09:23:24.823  INFO 21832 --- [restartedMain] .s.d.r.c.RepositoryConfigurationDelegate : Finished Spring Data repository scanning in 437ms. Found 5 repository interfaces.
2019-03-20 09:23:24.878  INFO 21832 --- [restartedMain] .s.d.r.c.RepositoryConfigurationDelegate : Multiple Spring Data modules found, entering strict repository configuration mode!
2019-03-20 09:23:24.881  INFO 21832 --- [restartedMain] .s.d.r.c.RepositoryConfigurationDelegate : Bootstrapping Spring Data repositories in DEFAULT mode.
2019-03-20 09:23:24.934  INFO 21832 --- [restartedMain] .RepositoryConfigurationExtensionSupport : Spring Data Neo4j - Could not safely identify store assignment for repository candidate interface com.swmu.bszn.guide.dao.AreaDao.
2019-03-20 09:23:24.935  INFO 21832 --- [restartedMain] .RepositoryConfigurationExtensionSupport : Spring Data Neo4j - Could not safely identify store assignment for repository candidate interface com.swmu.bszn.guide.dao.GuideDao.
2019-03-20 09:23:24.936  INFO 21832 --- [restartedMain] .RepositoryConfigurationExtensionSupport : Spring Data Neo4j - Could not safely identify store assignment for repository candidate interface com.swmu.bszn.guide.dao.GuideThingsDao.
2019-03-20 09:23:24.938  INFO 21832 --- [restartedMain] .RepositoryConfigurationExtensionSupport : Spring Data Neo4j - Could not safely identify store assignment for repository candidate interface com.swmu.bszn.guide.dao.LocalIntentionDao.
2019-03-20 09:23:24.939  INFO 21832 --- [restartedMain] .RepositoryConfigurationExtensionSupport : Spring Data Neo4j - Could not safely identify store assignment for repository candidate interface com.swmu.bszn.guide.dao.LocalKeywordDao.
2019-03-20 09:23:24.992  INFO 21832 --- [restartedMain] .s.d.r.c.RepositoryConfigurationDelegate : Finished Spring Data repository scanning in 95ms. Found 14 repository interfaces.
2019-03-20 09:23:26.036  INFO 21832 --- [restartedMain] trationDelegate$BeanPostProcessorChecker : Bean 'org.springframework.transaction.annotation.ProxyTransactionManagementConfiguration' of type [org.springframework.transaction.annotation.ProxyTransactionManagementConfiguration$$EnhancerBySpringCGLIB$$e4b9d766] is not eligible for getting processed by all BeanPostProcessors (for example: not eligible for auto-proxying)
2019-03-20 09:23:27.299  INFO 21832 --- [restartedMain] o.s.b.w.embedded.tomcat.TomcatWebServer  : Tomcat initialized with port(s): 8088 (http)
2019-03-20 09:23:27.360  INFO 21832 --- [restartedMain] o.apache.catalina.core.StandardService   : Starting service [Tomcat]
2019-03-20 09:23:27.361  INFO 21832 --- [restartedMain] org.apache.catalina.core.StandardEngine  : Starting Servlet engine: [Apache Tomcat/9.0.16]
2019-03-20 09:23:27.380  INFO 21832 --- [restartedMain] o.a.catalina.core.AprLifecycleListener   : The APR based Apache Tomcat Native library which allows optimal performance in production environments was not found on the java.library.path: [D:\enviroment\jdk1.8\jdk1.8.0_181\bin;C:\Windows\Sun\Java\bin;C:\Windows\system32;C:\Windows;C:\Program Files (x86)\Common Files\Oracle\Java\javapath;C:\Windows\system32;C:\Windows;C:\Windows\System32\Wbem;C:\Windows\System32\WindowsPowerShell\v1.0\;C:\Windows\System32\OpenSSH\;C:\Program Files (x86)\ATI Technologies\ATI.ACE\Core-Static;D:\enviroment\jdk1.8\jdk1.8.0_181\bin;D:\enviroment\jdk1.8\jdk1.8.0_181\jre\bin;D:\enviroment\maven\apache-maven-3.5.4\bin;D:\enviroment\Git\cmd;D:\App\mysql-5.6.41-winx64\bin;D:\App\nodejs\;D:\App\TortoiseSVN\bin;C:\Users\Xiaoi\AppData\Local\Microsoft\WindowsApps;C:\Users\Xiaoi\AppData\Roaming\npm;C:\ProgramData\Xiaoi\atom\bin;.]
2019-03-20 09:23:27.615  INFO 21832 --- [restartedMain] o.a.c.c.C.[Tomcat].[localhost].[/]       : Initializing Spring embedded WebApplicationContext
2019-03-20 09:23:27.615  INFO 21832 --- [restartedMain] o.s.web.context.ContextLoader            : Root WebApplicationContext: initialization completed in 5342 ms
2019-03-20 09:23:28.178  INFO 21832 --- [restartedMain] com.alibaba.druid.pool.DruidDataSource   : {dataSource-1} inited
2019-03-20 09:23:29.577  INFO 21832 --- [restartedMain] o.hibernate.jpa.internal.util.LogHelper  : HHH000204: Processing PersistenceUnitInfo [
	name: default
	...]
2019-03-20 09:23:29.756  INFO 21832 --- [restartedMain] org.hibernate.Version                    : HHH000412: Hibernate Core {5.3.7.Final}
2019-03-20 09:23:29.759  INFO 21832 --- [restartedMain] org.hibernate.cfg.Environment            : HHH000206: hibernate.properties not found
2019-03-20 09:23:30.098  INFO 21832 --- [restartedMain] o.hibernate.annotations.common.Version   : HCANN000001: Hibernate Commons Annotations {5.0.4.Final}
2019-03-20 09:23:30.636  INFO 21832 --- [restartedMain] org.hibernate.dialect.Dialect            : HHH000400: Using dialect: org.hibernate.dialect.MySQL5Dialect
2019-03-20 09:23:31.918  INFO 21832 --- [restartedMain] j.LocalContainerEntityManagerFactoryBean : Initialized JPA EntityManagerFactory for persistence unit 'default'
2019-03-20 09:23:32.741  INFO 21832 --- [restartedMain] org.neo4j.ogm.metadata.DomainInfo        : Starting Post-processing phase
2019-03-20 09:23:32.743  INFO 21832 --- [restartedMain] org.neo4j.ogm.metadata.DomainInfo        : Building annotation class map
2019-03-20 09:23:32.744  INFO 21832 --- [restartedMain] org.neo4j.ogm.metadata.DomainInfo        : Building interface class map for 63 classes
2019-03-20 09:23:32.769  INFO 21832 --- [restartedMain] org.neo4j.ogm.metadata.DomainInfo        : Post-processing complete
2019-03-20 09:23:33.016  INFO 21832 --- [restartedMain] o.s.d.neo4j.mapping.Neo4jMappingContext  : No class information found in OGM meta-data for class com.alibaba.druid.stat.DruidStatService so treating as simple type for SD Commons
2019-03-20 09:23:33.043  WARN 21832 --- [restartedMain] o.s.d.n.mapping.Neo4jPersistentProperty  : Owning ClassInfo is null for property: javax.management.MBeanServerConnection.domains
2019-03-20 09:23:33.045  WARN 21832 --- [restartedMain] o.s.d.n.mapping.Neo4jPersistentProperty  : Owning ClassInfo is null for property: javax.management.MBeanServerConnection.MBeanCount
2019-03-20 09:23:33.046  WARN 21832 --- [restartedMain] o.s.d.n.mapping.Neo4jPersistentProperty  : Owning ClassInfo is null for property: javax.management.MBeanServerConnection.defaultDomain
2019-03-20 09:23:33.303  INFO 21832 --- [restartedMain] o.s.d.neo4j.mapping.Neo4jMappingContext  : No class information found in OGM meta-data for class com.alibaba.druid.support.http.util.IPAddress so treating as simple type for SD Commons
2019-03-20 09:23:33.307  WARN 21832 --- [restartedMain] o.s.d.n.mapping.Neo4jPersistentProperty  : Owning ClassInfo is null for property: private com.alibaba.druid.support.http.util.IPAddress com.alibaba.druid.support.http.util.IPRange.ipAddress
2019-03-20 09:23:33.308  WARN 21832 --- [restartedMain] o.s.d.n.mapping.Neo4jPersistentProperty  : Owning ClassInfo is null for property: private com.alibaba.druid.support.http.util.IPAddress com.alibaba.druid.support.http.util.IPRange.ipSubnetMask
2019-03-20 09:23:33.309  WARN 21832 --- [restartedMain] o.s.d.n.mapping.Neo4jPersistentProperty  : Owning ClassInfo is null for property: private int com.alibaba.druid.support.http.util.IPRange.extendedNetworkPrefix
2019-03-20 09:23:33.310  WARN 21832 --- [restartedMain] o.s.d.n.mapping.Neo4jPersistentProperty  : Owning ClassInfo is null for property: com.alibaba.druid.support.http.util.IPRange.IPSubnetMask
2019-03-20 09:23:33.312  WARN 21832 --- [restartedMain] o.s.d.n.mapping.Neo4jPersistentProperty  : Owning ClassInfo is null for property: com.alibaba.druid.support.http.util.IPRange.IPAddress
2019-03-20 09:23:33.318  WARN 21832 --- [restartedMain] o.s.d.n.mapping.Neo4jPersistentProperty  : Owning ClassInfo is null for property: javax.servlet.ServletConfig.initParameterNames
2019-03-20 09:23:33.319  WARN 21832 --- [restartedMain] o.s.d.n.mapping.Neo4jPersistentProperty  : Owning ClassInfo is null for property: javax.servlet.ServletConfig.servletContext
2019-03-20 09:23:33.319  WARN 21832 --- [restartedMain] o.s.d.n.mapping.Neo4jPersistentProperty  : Owning ClassInfo is null for property: javax.servlet.ServletConfig.servletName
2019-03-20 09:23:33.487  INFO 21832 --- [restartedMain] o.s.d.neo4j.mapping.Neo4jMappingContext  : No class information found in OGM meta-data for class java.security.AccessControlContext so treating as simple type for SD Commons
2019-03-20 09:23:33.601  INFO 21832 --- [restartedMain] o.s.d.neo4j.mapping.Neo4jMappingContext  : No class information found in OGM meta-data for class com.alibaba.druid.support.http.stat.WebAppStat so treating as simple type for SD Commons
2019-03-20 09:23:33.603  INFO 21832 --- [restartedMain] o.s.d.neo4j.mapping.Neo4jMappingContext  : No class information found in OGM meta-data for class com.alibaba.druid.support.http.AbstractWebStatImpl$WebStatFilterContextListener so treating as simple type for SD Commons
2019-03-20 09:23:33.656  INFO 21832 --- [restartedMain] o.s.d.neo4j.mapping.Neo4jMappingContext  : Neo4jMappingContext initialisation completed
2019-03-20 09:23:34.850  INFO 21832 --- [restartedMain] o.s.s.concurrent.ThreadPoolTaskExecutor  : Initializing ExecutorService 'applicationTaskExecutor'
2019-03-20 09:23:34.945  WARN 21832 --- [restartedMain] aWebConfiguration$JpaWebMvcConfiguration : spring.jpa.open-in-view is enabled by default. Therefore, database queries may be performed during view rendering. Explicitly configure spring.jpa.open-in-view to disable this warning
2019-03-20 09:23:34.958  WARN 21832 --- [restartedMain] ebConfiguration$Neo4jWebMvcConfiguration : spring.data.neo4j.open-in-view is enabled by default.Therefore, database queries may be performed during view rendering. Explicitly configure spring.data.neo4j.open-in-view to disable this warning
2019-03-20 09:23:35.338  INFO 21832 --- [restartedMain] o.s.b.d.a.OptionalLiveReloadServer       : LiveReload server is running on port 35729
2019-03-20 09:23:35.466  INFO 21832 --- [restartedMain] o.s.b.w.embedded.tomcat.TomcatWebServer  : Tomcat started on port(s): 8088 (http) with context path ''
2019-03-20 09:23:35.472  INFO 21832 --- [restartedMain] com.swmu.bszn.BsznGlApplication         : Started BsznGlApplication in 14.329 seconds (JVM running for 16.233)
2019-03-20 09:23:43.692  INFO 21832 --- [http-nio-8088-exec-1] o.a.c.c.C.[Tomcat].[localhost].[/]       : Initializing Spring DispatcherServlet 'dispatcherServlet'
2019-03-20 09:23:43.693  INFO 21832 --- [http-nio-8088-exec-1] o.s.web.servlet.DispatcherServlet        : Initializing Servlet 'dispatcherServlet'
2019-03-20 09:23:43.714  INFO 21832 --- [http-nio-8088-exec-1] o.s.web.servlet.DispatcherServlet        : Completed initialization in 18 ms
2019-03-20 09:23:44.082  INFO 21832 --- [http-nio-8088-exec-1] o.h.h.i.QueryTranslatorFactoryInitiator  : HHH000397: Using ASTQueryTranslatorFactory
